Started GET "/" for 127.0.0.1 at 2018-06-16 10:03:28 +0300
Processing by Rails::WelcomeController#index as HTML
  Rendering /Users/jameskariuki/.rvm/gems/ruby-2.4.1/gems/railties-5.2.0/lib/rails/templates/rails/welcome/index.html.erb
  Rendered /Users/jameskariuki/.rvm/gems/ruby-2.4.1/gems/railties-5.2.0/lib/rails/templates/rails/welcome/index.html.erb (3.5ms)
Completed 200 OK in 25ms (Views: 11.6ms | ActiveRecord: 0.0ms)


Started GET "/" for 127.0.0.1 at 2018-06-16 10:06:05 +0300
Processing by Rails::WelcomeController#index as HTML
  Rendering /Users/jameskariuki/.rvm/gems/ruby-2.4.1/gems/railties-5.2.0/lib/rails/templates/rails/welcome/index.html.erb
  Rendered /Users/jameskariuki/.rvm/gems/ruby-2.4.1/gems/railties-5.2.0/lib/rails/templates/rails/welcome/index.html.erb (2.0ms)
Completed 200 OK in 14ms (Views: 5.4ms | ActiveRecord: 0.0ms)


  [1m[35m (0.1ms)[0m  [1m[34mSELECT sqlite_version(*)[0m
  ↳ bin/rails:9
  [1m[35m (1.4ms)[0m  [1m[35mCREATE TABLE "schema_migrations" ("version" varchar NOT NULL PRIMARY KEY)[0m
  ↳ bin/rails:9
  [1m[35m (1.2ms)[0m  [1m[35mCREATE TABLE "ar_internal_metadata" ("key" varchar NOT NULL PRIMARY KEY, "value" varchar, "created_at" datetime NOT NULL, "updated_at" datetime NOT NULL)[0m
  ↳ bin/rails:9
  [1m[35m (0.2ms)[0m  [1m[34mSELECT "schema_migrations"."version" FROM "schema_migrations" ORDER BY "schema_migrations"."version" ASC[0m
  ↳ bin/rails:9
Migrating to CreateArticles (20180616071320)
  [1m[35m (0.1ms)[0m  [1m[36mbegin transaction[0m
  ↳ bin/rails:9
  [1m[35m (0.4ms)[0m  [1m[35mCREATE TABLE "articles" ("id" integer PRIMARY KEY AUTOINCREMENT NOT NULL, "title" varchar, "text" text, "created_at" datetime NOT NULL, "updated_at" datetime NOT NULL)[0m
  ↳ db/migrate/20180616071320_create_articles.rb:3
  [1m[36mActiveRecord::SchemaMigration Create (0.2ms)[0m  [1m[32mINSERT INTO "schema_migrations" ("version") VALUES (?)[0m  [["version", "20180616071320"]]
  ↳ bin/rails:9
  [1m[35m (0.9ms)[0m  [1m[36mcommit transaction[0m
  ↳ bin/rails:9
  [1m[36mActiveRecord::InternalMetadata Load (0.2ms)[0m  [1m[34mSELECT  "ar_internal_metadata".* FROM "ar_internal_metadata" WHERE "ar_internal_metadata"."key" = ? LIMIT ?[0m  [["key", "environment"], ["LIMIT", 1]]
  ↳ bin/rails:9
  [1m[35m (0.0ms)[0m  [1m[36mbegin transaction[0m
  ↳ bin/rails:9
  [1m[36mActiveRecord::InternalMetadata Create (0.2ms)[0m  [1m[32mINSERT INTO "ar_internal_metadata" ("key", "value", "created_at", "updated_at") VALUES (?, ?, ?, ?)[0m  [["key", "environment"], ["value", "development"], ["created_at", "2018-06-16 07:14:19.396538"], ["updated_at", "2018-06-16 07:14:19.396538"]]
  ↳ bin/rails:9
  [1m[35m (0.6ms)[0m  [1m[36mcommit transaction[0m
  ↳ bin/rails:9
  [1m[35m (0.1ms)[0m  [1m[34mSELECT "schema_migrations"."version" FROM "schema_migrations" ORDER BY "schema_migrations"."version" ASC[0m
  ↳ bin/rails:9
Started GET "/" for 127.0.0.1 at 2018-06-16 10:19:14 +0300
  [1m[35m (0.1ms)[0m  [1m[34mSELECT "schema_migrations"."version" FROM "schema_migrations" ORDER BY "schema_migrations"."version" ASC[0m
  ↳ /Users/jameskariuki/.rvm/gems/ruby-2.4.1/gems/activerecord-5.2.0/lib/active_record/log_subscriber.rb:98
Processing by WelcomeController#index as HTML
  Rendering welcome/index.html.erb within layouts/application
  Rendered welcome/index.html.erb within layouts/application (0.4ms)
Completed 200 OK in 631ms (Views: 629.3ms | ActiveRecord: 0.0ms)


Started GET "/" for 127.0.0.1 at 2018-06-16 10:19:20 +0300
Processing by WelcomeController#index as HTML
  Rendering welcome/index.html.erb within layouts/application
  Rendered welcome/index.html.erb within layouts/application (0.3ms)
Completed 200 OK in 37ms (Views: 35.0ms | ActiveRecord: 0.0ms)


Started GET "/" for 127.0.0.1 at 2018-06-16 10:34:38 +0300
Processing by WelcomeController#index as HTML
  Rendering welcome/index.html.erb within layouts/application
  Rendered welcome/index.html.erb within layouts/application (1.4ms)
Completed 200 OK in 24ms (Views: 21.8ms | ActiveRecord: 0.0ms)


Started GET "/articles" for 127.0.0.1 at 2018-06-16 10:34:40 +0300
Processing by ArticlesController#index as HTML
  Rendering articles/index.html.erb within layouts/application
  [1m[36mArticle Load (0.2ms)[0m  [1m[34mSELECT "articles".* FROM "articles"[0m
  ↳ app/views/articles/index.html.erb:11
  Rendered articles/index.html.erb within layouts/application (7.0ms)
Completed 200 OK in 66ms (Views: 55.4ms | ActiveRecord: 3.2ms)


Started GET "/articles/new" for 127.0.0.1 at 2018-06-16 10:34:42 +0300
Processing by ArticlesController#new as HTML
  Rendering articles/new.html.erb within layouts/application
  Rendered articles/new.html.erb within layouts/application (37.7ms)
Completed 200 OK in 80ms (Views: 65.2ms | ActiveRecord: 0.4ms)


Started POST "/articles" for 127.0.0.1 at 2018-06-16 10:34:50 +0300
Processing by ArticlesController#create as HTML
  Parameters: {"utf8"=>"✓", "authenticity_token"=>"m+LmSc1W53ji781wdXtDakVqnrQ8FGPESIs8Qa61+mbzpj5/+hwHhkL08Z+z3d5ZWgzeBJm5W3TKu8C9TTIDKQ==", "article"=>{"title"=>"tete", "text"=>"fgdhfghfghfgh"}, "commit"=>"Save Article"}
  [1m[35m (0.1ms)[0m  [1m[36mbegin transaction[0m
  ↳ app/controllers/articles_controller.rb:21
  [1m[35m (0.1ms)[0m  [1m[31mrollback transaction[0m
  ↳ app/controllers/articles_controller.rb:21
  Rendering articles/new.html.erb within layouts/application
  Rendered articles/new.html.erb within layouts/application (2.3ms)
Completed 200 OK in 36ms (Views: 33.1ms | ActiveRecord: 0.1ms)


Started POST "/articles" for 127.0.0.1 at 2018-06-16 10:35:01 +0300
Processing by ArticlesController#create as HTML
  Parameters: {"utf8"=>"✓", "authenticity_token"=>"xyk/xLq7/e/XTgWNGr3rX9ICVEWQFPUHrWAavtSJAnH8ast6OE+I4hZNPeJNBhKWvUCSyCDNRRa3HH9zLpXkKA==", "article"=>{"title"=>"tetere", "text"=>"fgdhfghfghfgh"}, "commit"=>"Save Article"}
  [1m[35m (0.1ms)[0m  [1m[36mbegin transaction[0m
  ↳ app/controllers/articles_controller.rb:21
  [1m[36mArticle Create (0.5ms)[0m  [1m[32mINSERT INTO "articles" ("title", "text", "created_at", "updated_at") VALUES (?, ?, ?, ?)[0m  [["title", "tetere"], ["text", "fgdhfghfghfgh"], ["created_at", "2018-06-16 07:35:01.806103"], ["updated_at", "2018-06-16 07:35:01.806103"]]
  ↳ app/controllers/articles_controller.rb:21
  [1m[35m (1.1ms)[0m  [1m[36mcommit transaction[0m
  ↳ app/controllers/articles_controller.rb:21
Redirected to http://localhost:3000/articles/1
Completed 302 Found in 6ms (ActiveRecord: 1.7ms)


Started GET "/articles/1" for 127.0.0.1 at 2018-06-16 10:35:01 +0300
Processing by ArticlesController#show as HTML
  Parameters: {"id"=>"1"}
  [1m[36mArticle Load (0.2ms)[0m  [1m[34mSELECT  "articles".* FROM "articles" WHERE "articles"."id" = ? LIMIT ?[0m  [["id", 1], ["LIMIT", 1]]
  ↳ app/controllers/articles_controller.rb:7
  Rendering articles/show.html.erb within layouts/application
  Rendered articles/show.html.erb within layouts/application (0.6ms)
Completed 200 OK in 23ms (Views: 17.0ms | ActiveRecord: 0.2ms)


Started GET "/articles" for 127.0.0.1 at 2018-06-16 10:35:05 +0300
Processing by ArticlesController#index as HTML
  Rendering articles/index.html.erb within layouts/application
  [1m[36mArticle Load (0.1ms)[0m  [1m[34mSELECT "articles".* FROM "articles"[0m
  ↳ app/views/articles/index.html.erb:11
  Rendered articles/index.html.erb within layouts/application (1.3ms)
Completed 200 OK in 30ms (Views: 28.5ms | ActiveRecord: 0.1ms)


Started GET "/articles/1/edit" for 127.0.0.1 at 2018-06-16 10:35:13 +0300
Processing by ArticlesController#edit as HTML
  Parameters: {"id"=>"1"}
  [1m[36mArticle Load (0.1ms)[0m  [1m[34mSELECT  "articles".* FROM "articles" WHERE "articles"."id" = ? LIMIT ?[0m  [["id", 1], ["LIMIT", 1]]
  ↳ app/controllers/articles_controller.rb:15
  Rendering articles/edit.html.erb within layouts/application
  Rendered articles/edit.html.erb within layouts/application (3.6ms)
Completed 200 OK in 31ms (Views: 28.2ms | ActiveRecord: 0.1ms)


Started GET "/articles" for 127.0.0.1 at 2018-06-16 10:35:16 +0300
Processing by ArticlesController#index as HTML
  Rendering articles/index.html.erb within layouts/application
  [1m[36mArticle Load (0.2ms)[0m  [1m[34mSELECT "articles".* FROM "articles"[0m
  ↳ app/views/articles/index.html.erb:11
  Rendered articles/index.html.erb within layouts/application (1.5ms)
Completed 200 OK in 32ms (Views: 29.0ms | ActiveRecord: 0.2ms)


  [1m[35m (0.1ms)[0m  [1m[34mSELECT "schema_migrations"."version" FROM "schema_migrations" ORDER BY "schema_migrations"."version" ASC[0m
  ↳ bin/rails:9
Migrating to CreateComments (20180616074114)
  [1m[35m (0.0ms)[0m  [1m[36mbegin transaction[0m
  ↳ bin/rails:9
  [1m[35m (0.1ms)[0m  [1m[34mSELECT sqlite_version(*)[0m
  ↳ db/migrate/20180616074114_create_comments.rb:3
  [1m[35m (0.4ms)[0m  [1m[35mCREATE TABLE "comments" ("id" integer PRIMARY KEY AUTOINCREMENT NOT NULL, "commenter" varchar, "body" text, "article_id" integer, "created_at" datetime NOT NULL, "updated_at" datetime NOT NULL, CONSTRAINT "fk_rails_3bf61a60d3"
FOREIGN KEY ("article_id")
  REFERENCES "articles" ("id")
)[0m
  ↳ db/migrate/20180616074114_create_comments.rb:3
  [1m[35m (0.1ms)[0m  [1m[35mCREATE  INDEX "index_comments_on_article_id" ON "comments" ("article_id")[0m
  ↳ db/migrate/20180616074114_create_comments.rb:3
  [1m[36mActiveRecord::SchemaMigration Create (0.1ms)[0m  [1m[32mINSERT INTO "schema_migrations" ("version") VALUES (?)[0m  [["version", "20180616074114"]]
  ↳ bin/rails:9
  [1m[35m (1.7ms)[0m  [1m[36mcommit transaction[0m
  ↳ bin/rails:9
  [1m[36mActiveRecord::InternalMetadata Load (0.1ms)[0m  [1m[34mSELECT  "ar_internal_metadata".* FROM "ar_internal_metadata" WHERE "ar_internal_metadata"."key" = ? LIMIT ?[0m  [["key", "environment"], ["LIMIT", 1]]
  ↳ bin/rails:9
  [1m[35m (0.0ms)[0m  [1m[36mbegin transaction[0m
  ↳ bin/rails:9
  [1m[35m (0.0ms)[0m  [1m[36mcommit transaction[0m
  ↳ bin/rails:9
  [1m[35m (0.1ms)[0m  [1m[34mSELECT "schema_migrations"."version" FROM "schema_migrations" ORDER BY "schema_migrations"."version" ASC[0m
  ↳ bin/rails:9
Started GET "/articles" for 127.0.0.1 at 2018-06-16 10:53:24 +0300
  [1m[35m (0.1ms)[0m  [1m[34mSELECT "schema_migrations"."version" FROM "schema_migrations" ORDER BY "schema_migrations"."version" ASC[0m
  ↳ /Users/jameskariuki/.rvm/gems/ruby-2.4.1/gems/activerecord-5.2.0/lib/active_record/log_subscriber.rb:98
Processing by ArticlesController#index as HTML
  Rendering articles/index.html.erb within layouts/application
  [1m[36mArticle Load (0.1ms)[0m  [1m[34mSELECT "articles".* FROM "articles"[0m
  ↳ app/views/articles/index.html.erb:10
  Rendered articles/index.html.erb within layouts/application (5.9ms)
Completed 200 OK in 74ms (Views: 65.1ms | ActiveRecord: 0.6ms)


Started GET "/articles/1/edit" for 127.0.0.1 at 2018-06-16 10:53:27 +0300
Processing by ArticlesController#edit as HTML
  Parameters: {"id"=>"1"}
Filter chain halted as #<Proc:0x007fcab87502d0@/Users/jameskariuki/.rvm/gems/ruby-2.4.1/gems/actionpack-5.2.0/lib/action_controller/metal/http_authentication.rb:72> rendered or redirected
Completed 401 Unauthorized in 1ms (ActiveRecord: 0.0ms)


Started GET "/articles/1/edit" for 127.0.0.1 at 2018-06-16 10:53:33 +0300
Processing by ArticlesController#edit as HTML
  Parameters: {"id"=>"1"}
Filter chain halted as #<Proc:0x007fcab87502d0@/Users/jameskariuki/.rvm/gems/ruby-2.4.1/gems/actionpack-5.2.0/lib/action_controller/metal/http_authentication.rb:72> rendered or redirected
Completed 401 Unauthorized in 1ms (ActiveRecord: 0.0ms)


Started GET "/articles/1/edit" for 127.0.0.1 at 2018-06-16 10:54:29 +0300
Processing by ArticlesController#edit as HTML
  Parameters: {"id"=>"1"}
Filter chain halted as #<Proc:0x007fcab418d360@/Users/jameskariuki/.rvm/gems/ruby-2.4.1/gems/actionpack-5.2.0/lib/action_controller/metal/http_authentication.rb:72> rendered or redirected
Completed 401 Unauthorized in 0ms (ActiveRecord: 0.0ms)


Started GET "/articles/1/edit" for 127.0.0.1 at 2018-06-16 10:54:35 +0300
Processing by ArticlesController#edit as HTML
  Parameters: {"id"=>"1"}
  [1m[36mArticle Load (0.2ms)[0m  [1m[34mSELECT  "articles".* FROM "articles" WHERE "articles"."id" = ? LIMIT ?[0m  [["id", 1], ["LIMIT", 1]]
  ↳ app/controllers/articles_controller.rb:20
  Rendering articles/edit.html.erb within layouts/application
  Rendered articles/_form.html.erb (1.6ms)
  Rendered articles/edit.html.erb within layouts/application (3.5ms)
Completed 200 OK in 39ms (Views: 21.1ms | ActiveRecord: 1.0ms)


Started PATCH "/articles/1" for 127.0.0.1 at 2018-06-16 10:54:39 +0300
Processing by ArticlesController#update as HTML
  Parameters: {"utf8"=>"✓", "authenticity_token"=>"Jo8ZzbfBEtxbYOGaedeZRuPqFD7kRChx4Hnsbih9//4dzO1zNTVn0Zpj2fUubGCPjKjSs1SdmGD6BYmj0mEZpw==", "article"=>{"title"=>"tetere", "text"=>"fgdhfghfghfgh"}, "commit"=>"Update Article", "id"=>"1"}
Filter chain halted as #<Proc:0x007fcab418d360@/Users/jameskariuki/.rvm/gems/ruby-2.4.1/gems/actionpack-5.2.0/lib/action_controller/metal/http_authentication.rb:72> rendered or redirected
Completed 401 Unauthorized in 1ms (ActiveRecord: 0.0ms)


Started PATCH "/articles/1" for 127.0.0.1 at 2018-06-16 10:54:39 +0300
Processing by ArticlesController#update as HTML
  Parameters: {"utf8"=>"✓", "authenticity_token"=>"Jo8ZzbfBEtxbYOGaedeZRuPqFD7kRChx4Hnsbih9//4dzO1zNTVn0Zpj2fUubGCPjKjSs1SdmGD6BYmj0mEZpw==", "article"=>{"title"=>"tetere", "text"=>"fgdhfghfghfgh"}, "commit"=>"Update Article", "id"=>"1"}
  [1m[36mArticle Load (0.2ms)[0m  [1m[34mSELECT  "articles".* FROM "articles" WHERE "articles"."id" = ? LIMIT ?[0m  [["id", 1], ["LIMIT", 1]]
  ↳ app/controllers/articles_controller.rb:34
  [1m[35m (0.1ms)[0m  [1m[36mbegin transaction[0m
  ↳ app/controllers/articles_controller.rb:36
  [1m[35m (0.1ms)[0m  [1m[36mcommit transaction[0m
  ↳ app/controllers/articles_controller.rb:36
Redirected to http://localhost:3000/articles/1
Completed 302 Found in 5ms (ActiveRecord: 0.3ms)


Started GET "/articles/1" for 127.0.0.1 at 2018-06-16 10:54:39 +0300
Processing by ArticlesController#show as HTML
  Parameters: {"id"=>"1"}
  [1m[36mArticle Load (0.1ms)[0m  [1m[34mSELECT  "articles".* FROM "articles" WHERE "articles"."id" = ? LIMIT ?[0m  [["id", 1], ["LIMIT", 1]]
  ↳ app/controllers/articles_controller.rb:12
  Rendering articles/show.html.erb within layouts/application
  [1m[36mComment Load (0.2ms)[0m  [1m[34mSELECT "comments".* FROM "comments" WHERE "comments"."article_id" = ?[0m  [["article_id", 1]]
  ↳ app/views/articles/show.html.erb:12
  Rendered collection of templates [0 times] (0.0ms)
  Rendered comments/_form.html.erb (13.3ms)
  Rendered articles/show.html.erb within layouts/application (39.1ms)
Completed 200 OK in 63ms (Views: 60.4ms | ActiveRecord: 0.8ms)


Started POST "/articles/1/comments" for 127.0.0.1 at 2018-06-16 10:54:53 +0300
Processing by CommentsController#create as HTML
  Parameters: {"utf8"=>"✓", "authenticity_token"=>"MdZ75udGzrMDIscDh2pPVUbTEz1qr4bDSf2VUC9g9esKlY9YZbK7vsIh/2zQ0bacKZHVsNp2NtJTgfCd1XwTsg==", "comment"=>{"commenter"=>"jim", "body"=>"the good work"}, "commit"=>"Create Comment", "article_id"=>"1"}
  [1m[36mArticle Load (0.2ms)[0m  [1m[34mSELECT  "articles".* FROM "articles" WHERE "articles"."id" = ? LIMIT ?[0m  [["id", 1], ["LIMIT", 1]]
  ↳ app/controllers/comments_controller.rb:8
  [1m[35m (0.1ms)[0m  [1m[36mbegin transaction[0m
  ↳ app/controllers/comments_controller.rb:9
  [1m[36mComment Create (0.6ms)[0m  [1m[32mINSERT INTO "comments" ("commenter", "body", "article_id", "created_at", "updated_at") VALUES (?, ?, ?, ?, ?)[0m  [["commenter", "jim"], ["body", "the good work"], ["article_id", 1], ["created_at", "2018-06-16 07:54:53.595960"], ["updated_at", "2018-06-16 07:54:53.595960"]]
  ↳ app/controllers/comments_controller.rb:9
  [1m[35m (1.4ms)[0m  [1m[36mcommit transaction[0m
  ↳ app/controllers/comments_controller.rb:9
Redirected to http://localhost:3000/articles/1
Completed 302 Found in 9ms (ActiveRecord: 2.2ms)


Started GET "/articles/1" for 127.0.0.1 at 2018-06-16 10:54:53 +0300
Processing by ArticlesController#show as HTML
  Parameters: {"id"=>"1"}
  [1m[36mArticle Load (0.1ms)[0m  [1m[34mSELECT  "articles".* FROM "articles" WHERE "articles"."id" = ? LIMIT ?[0m  [["id", 1], ["LIMIT", 1]]
  ↳ app/controllers/articles_controller.rb:12
  Rendering articles/show.html.erb within layouts/application
  [1m[36mComment Load (0.1ms)[0m  [1m[34mSELECT "comments".* FROM "comments" WHERE "comments"."article_id" = ?[0m  [["article_id", 1]]
  ↳ app/views/articles/show.html.erb:12
  Rendered collection of comments/_comment.html.erb [1 times] (0.6ms)
  Rendered comments/_form.html.erb (1.9ms)
  Rendered articles/show.html.erb within layouts/application (7.1ms)
Completed 200 OK in 26ms (Views: 23.9ms | ActiveRecord: 0.3ms)


Started GET "/articles/1" for 127.0.0.1 at 2018-06-16 11:01:55 +0300
  [1m[35m (0.7ms)[0m  [1m[34mSELECT "schema_migrations"."version" FROM "schema_migrations" ORDER BY "schema_migrations"."version" ASC[0m
  ↳ /Users/jameskariuki/.rvm/gems/ruby-2.4.1/gems/activerecord-5.2.0/lib/active_record/log_subscriber.rb:98
Processing by ArticlesController#show as HTML
  Parameters: {"id"=>"1"}
  [1m[36mArticle Load (0.5ms)[0m  [1m[34mSELECT  "articles".* FROM "articles" WHERE "articles"."id" = ? LIMIT ?[0m  [["id", 1], ["LIMIT", 1]]
  ↳ app/controllers/articles_controller.rb:12
  Rendering articles/show.html.erb within layouts/application
  [1m[36mComment Load (0.8ms)[0m  [1m[34mSELECT "comments".* FROM "comments" WHERE "comments"."article_id" = ?[0m  [["article_id", 1]]
  ↳ app/views/articles/show.html.erb:12
  Rendered collection of comments/_comment.html.erb [1 times] (2.4ms)
  Rendered comments/_form.html.erb (15.1ms)
  Rendered articles/show.html.erb within layouts/application (50.6ms)
Completed 200 OK in 291ms (Views: 260.6ms | ActiveRecord: 2.4ms)


Started GET "/articles/1" for 127.0.0.1 at 2018-06-16 11:01:58 +0300
Processing by ArticlesController#show as HTML
  Parameters: {"id"=>"1"}
  [1m[36mArticle Load (0.1ms)[0m  [1m[34mSELECT  "articles".* FROM "articles" WHERE "articles"."id" = ? LIMIT ?[0m  [["id", 1], ["LIMIT", 1]]
  ↳ app/controllers/articles_controller.rb:12
  Rendering articles/show.html.erb within layouts/application
  [1m[36mComment Load (0.1ms)[0m  [1m[34mSELECT "comments".* FROM "comments" WHERE "comments"."article_id" = ?[0m  [["article_id", 1]]
  ↳ app/views/articles/show.html.erb:12
  Rendered collection of comments/_comment.html.erb [1 times] (0.7ms)
  Rendered comments/_form.html.erb (1.4ms)
  Rendered articles/show.html.erb within layouts/application (6.2ms)
Completed 200 OK in 26ms (Views: 23.6ms | ActiveRecord: 0.3ms)


Started GET "/articles" for 127.0.0.1 at 2018-06-16 11:02:01 +0300
Processing by ArticlesController#index as HTML
  Rendering articles/index.html.erb within layouts/application
  [1m[36mArticle Load (0.1ms)[0m  [1m[34mSELECT "articles".* FROM "articles"[0m
  ↳ app/views/articles/index.html.erb:10
  Rendered articles/index.html.erb within layouts/application (1.7ms)
Completed 200 OK in 37ms (Views: 34.9ms | ActiveRecord: 0.1ms)


Started GET "/articles/1" for 127.0.0.1 at 2018-06-16 11:02:06 +0300
Processing by ArticlesController#show as HTML
  Parameters: {"id"=>"1"}
  [1m[36mArticle Load (0.2ms)[0m  [1m[34mSELECT  "articles".* FROM "articles" WHERE "articles"."id" = ? LIMIT ?[0m  [["id", 1], ["LIMIT", 1]]
  ↳ app/controllers/articles_controller.rb:12
  Rendering articles/show.html.erb within layouts/application
  [1m[36mComment Load (0.2ms)[0m  [1m[34mSELECT "comments".* FROM "comments" WHERE "comments"."article_id" = ?[0m  [["article_id", 1]]
  ↳ app/views/articles/show.html.erb:12
  Rendered collection of comments/_comment.html.erb [1 times] (0.6ms)
  Rendered comments/_form.html.erb (2.4ms)
  Rendered articles/show.html.erb within layouts/application (9.8ms)
Completed 200 OK in 49ms (Views: 45.3ms | ActiveRecord: 0.4ms)


Started GET "/articles" for 127.0.0.1 at 2018-06-16 11:02:08 +0300
Processing by ArticlesController#index as HTML
  Rendering articles/index.html.erb within layouts/application
  [1m[36mArticle Load (0.2ms)[0m  [1m[34mSELECT "articles".* FROM "articles"[0m
  ↳ app/views/articles/index.html.erb:10
  Rendered articles/index.html.erb within layouts/application (1.6ms)
Completed 200 OK in 44ms (Views: 40.9ms | ActiveRecord: 0.2ms)


Started GET "/articles/new" for 127.0.0.1 at 2018-06-16 11:02:09 +0300
Processing by ArticlesController#new as HTML
  Rendering articles/new.html.erb within layouts/application
  Rendered articles/_form.html.erb (1.6ms)
  Rendered articles/new.html.erb within layouts/application (4.0ms)
Completed 200 OK in 39ms (Views: 37.0ms | ActiveRecord: 0.0ms)


Started POST "/articles" for 127.0.0.1 at 2018-06-16 11:02:18 +0300
Processing by ArticlesController#create as HTML
  Parameters: {"utf8"=>"✓", "authenticity_token"=>"brEJ2vZ43RQxdys1E6FFsou2XbZdOy9j2Z9SXB5NO/gG9dHswTI96pFsF9rVB9iBlNAdBviWF9Nbr66g/crCtw==", "article"=>{"title"=>"tetema", "text"=>"hgfhghfgf"}, "commit"=>"Create Article"}
Filter chain halted as #<Proc:0x007fbb4408be50@/Users/jameskariuki/.rvm/gems/ruby-2.4.1/gems/actionpack-5.2.0/lib/action_controller/metal/http_authentication.rb:72> rendered or redirected
Completed 401 Unauthorized in 1ms (ActiveRecord: 0.0ms)


Started POST "/articles" for 127.0.0.1 at 2018-06-16 11:02:18 +0300
Processing by ArticlesController#create as HTML
  Parameters: {"utf8"=>"✓", "authenticity_token"=>"brEJ2vZ43RQxdys1E6FFsou2XbZdOy9j2Z9SXB5NO/gG9dHswTI96pFsF9rVB9iBlNAdBviWF9Nbr66g/crCtw==", "article"=>{"title"=>"tetema", "text"=>"hgfhghfgf"}, "commit"=>"Create Article"}
  [1m[35m (0.1ms)[0m  [1m[36mbegin transaction[0m
  ↳ app/controllers/articles_controller.rb:26
  [1m[36mArticle Create (0.8ms)[0m  [1m[32mINSERT INTO "articles" ("title", "text", "created_at", "updated_at") VALUES (?, ?, ?, ?)[0m  [["title", "tetema"], ["text", "hgfhghfgf"], ["created_at", "2018-06-16 08:02:18.230981"], ["updated_at", "2018-06-16 08:02:18.230981"]]
  ↳ app/controllers/articles_controller.rb:26
  [1m[35m (1.5ms)[0m  [1m[36mcommit transaction[0m
  ↳ app/controllers/articles_controller.rb:26
Redirected to http://localhost:3000/articles/2
Completed 302 Found in 6ms (ActiveRecord: 2.3ms)


Started GET "/articles/2" for 127.0.0.1 at 2018-06-16 11:02:18 +0300
Processing by ArticlesController#show as HTML
  Parameters: {"id"=>"2"}
  [1m[36mArticle Load (0.1ms)[0m  [1m[34mSELECT  "articles".* FROM "articles" WHERE "articles"."id" = ? LIMIT ?[0m  [["id", 2], ["LIMIT", 1]]
  ↳ app/controllers/articles_controller.rb:12
  Rendering articles/show.html.erb within layouts/application
  [1m[36mComment Load (0.1ms)[0m  [1m[34mSELECT "comments".* FROM "comments" WHERE "comments"."article_id" = ?[0m  [["article_id", 2]]
  ↳ app/views/articles/show.html.erb:12
  Rendered collection of templates [0 times] (0.0ms)
  Rendered comments/_form.html.erb (2.0ms)
  Rendered articles/show.html.erb within layouts/application (4.7ms)
Completed 200 OK in 26ms (Views: 23.6ms | ActiveRecord: 0.2ms)


Started GET "/articles" for 127.0.0.1 at 2018-06-16 11:02:21 +0300
Processing by ArticlesController#index as HTML
  Rendering articles/index.html.erb within layouts/application
  [1m[36mArticle Load (0.3ms)[0m  [1m[34mSELECT "articles".* FROM "articles"[0m
  ↳ app/views/articles/index.html.erb:10
  Rendered articles/index.html.erb within layouts/application (3.3ms)
Completed 200 OK in 34ms (Views: 31.5ms | ActiveRecord: 0.3ms)


Started GET "/articles/2" for 127.0.0.1 at 2018-06-16 11:02:27 +0300
Processing by ArticlesController#show as HTML
  Parameters: {"id"=>"2"}
  [1m[36mArticle Load (0.2ms)[0m  [1m[34mSELECT  "articles".* FROM "articles" WHERE "articles"."id" = ? LIMIT ?[0m  [["id", 2], ["LIMIT", 1]]
  ↳ app/controllers/articles_controller.rb:12
  Rendering articles/show.html.erb within layouts/application
  [1m[36mComment Load (0.1ms)[0m  [1m[34mSELECT "comments".* FROM "comments" WHERE "comments"."article_id" = ?[0m  [["article_id", 2]]
  ↳ app/views/articles/show.html.erb:12
  Rendered collection of templates [0 times] (0.0ms)
  Rendered comments/_form.html.erb (3.2ms)
  Rendered articles/show.html.erb within layouts/application (6.6ms)
Completed 200 OK in 51ms (Views: 47.3ms | ActiveRecord: 0.3ms)


Started GET "/articles/2/edit" for 127.0.0.1 at 2018-06-16 11:02:29 +0300
Processing by ArticlesController#edit as HTML
  Parameters: {"id"=>"2"}
  [1m[36mArticle Load (0.1ms)[0m  [1m[34mSELECT  "articles".* FROM "articles" WHERE "articles"."id" = ? LIMIT ?[0m  [["id", 2], ["LIMIT", 1]]
  ↳ app/controllers/articles_controller.rb:20
  Rendering articles/edit.html.erb within layouts/application
  Rendered articles/_form.html.erb (1.6ms)
  Rendered articles/edit.html.erb within layouts/application (5.5ms)
Completed 200 OK in 43ms (Views: 40.5ms | ActiveRecord: 0.1ms)


Started GET "/articles" for 127.0.0.1 at 2018-06-16 11:02:31 +0300
Processing by ArticlesController#index as HTML
  Rendering articles/index.html.erb within layouts/application
  [1m[36mArticle Load (0.1ms)[0m  [1m[34mSELECT "articles".* FROM "articles"[0m
  ↳ app/views/articles/index.html.erb:10
  Rendered articles/index.html.erb within layouts/application (1.7ms)
Completed 200 OK in 45ms (Views: 41.9ms | ActiveRecord: 0.1ms)


Started GET "/articles" for 127.0.0.1 at 2018-06-16 11:02:34 +0300
Processing by ArticlesController#index as HTML
  Rendering articles/index.html.erb within layouts/application
  [1m[36mArticle Load (0.1ms)[0m  [1m[34mSELECT "articles".* FROM "articles"[0m
  ↳ app/views/articles/index.html.erb:10
  Rendered articles/index.html.erb within layouts/application (1.6ms)
Completed 200 OK in 26ms (Views: 24.2ms | ActiveRecord: 0.1ms)


Started GET "/articles" for 127.0.0.1 at 2018-06-16 11:03:02 +0300
  [1m[35m (0.1ms)[0m  [1m[34mSELECT "schema_migrations"."version" FROM "schema_migrations" ORDER BY "schema_migrations"."version" ASC[0m
  ↳ /Users/jameskariuki/.rvm/gems/ruby-2.4.1/gems/activerecord-5.2.0/lib/active_record/log_subscriber.rb:98
Processing by ArticlesController#index as HTML
  Rendering articles/index.html.erb within layouts/application
  [1m[36mArticle Load (0.1ms)[0m  [1m[34mSELECT "articles".* FROM "articles"[0m
  ↳ app/views/articles/index.html.erb:10
  Rendered articles/index.html.erb within layouts/application (9.9ms)
Completed 200 OK in 161ms (Views: 149.2ms | ActiveRecord: 0.5ms)


Started GET "/articles/1/edit" for 127.0.0.1 at 2018-06-16 11:03:05 +0300
Processing by ArticlesController#edit as HTML
  Parameters: {"id"=>"1"}
  [1m[36mArticle Load (0.2ms)[0m  [1m[34mSELECT  "articles".* FROM "articles" WHERE "articles"."id" = ? LIMIT ?[0m  [["id", 1], ["LIMIT", 1]]
  ↳ app/controllers/articles_controller.rb:20
  Rendering articles/edit.html.erb within layouts/application
  Rendered articles/_form.html.erb (12.5ms)
  Rendered articles/edit.html.erb within layouts/application (14.4ms)
Completed 200 OK in 52ms (Views: 48.8ms | ActiveRecord: 0.2ms)


Started PATCH "/articles/1" for 127.0.0.1 at 2018-06-16 11:03:07 +0300
Processing by ArticlesController#update as HTML
  Parameters: {"utf8"=>"✓", "authenticity_token"=>"3ixt3Q4SsKzFZmSVNdQxtG5Jx+hWTp+ayExPqJ6vb925xdA7abpryyuBf2juarLUizyifHAbdUw/RO1cppbFxA==", "article"=>{"title"=>"tetere", "text"=>"fgdhfghfghfgh"}, "commit"=>"Update Article", "id"=>"1"}
  [1m[36mArticle Load (0.2ms)[0m  [1m[34mSELECT  "articles".* FROM "articles" WHERE "articles"."id" = ? LIMIT ?[0m  [["id", 1], ["LIMIT", 1]]
  ↳ app/controllers/articles_controller.rb:34
  [1m[35m (0.1ms)[0m  [1m[36mbegin transaction[0m
  ↳ app/controllers/articles_controller.rb:36
  [1m[35m (0.1ms)[0m  [1m[36mcommit transaction[0m
  ↳ app/controllers/articles_controller.rb:36
Redirected to http://localhost:3000/articles/1
Completed 302 Found in 6ms (ActiveRecord: 0.3ms)


Started GET "/articles/1" for 127.0.0.1 at 2018-06-16 11:03:07 +0300
Processing by ArticlesController#show as HTML
  Parameters: {"id"=>"1"}
  [1m[36mArticle Load (0.1ms)[0m  [1m[34mSELECT  "articles".* FROM "articles" WHERE "articles"."id" = ? LIMIT ?[0m  [["id", 1], ["LIMIT", 1]]
  ↳ app/controllers/articles_controller.rb:12
  Rendering articles/show.html.erb within layouts/application
  [1m[36mComment Load (0.1ms)[0m  [1m[34mSELECT "comments".* FROM "comments" WHERE "comments"."article_id" = ?[0m  [["article_id", 1]]
  ↳ app/views/articles/show.html.erb:12
  Rendered collection of comments/_comment.html.erb [1 times] (1.1ms)
  Rendered comments/_form.html.erb (2.4ms)
  Rendered articles/show.html.erb within layouts/application (33.4ms)
Completed 200 OK in 54ms (Views: 51.2ms | ActiveRecord: 0.7ms)


